c:\users\student.hal\documents\github\game-engine-project-cpp\debug\vc142.pdb
c:\users\student.hal\documents\github\game-engine-project-cpp\debug\vc142.idb
c:\users\student.hal\documents\github\game-engine-project-cpp\debug\vector2d.obj
c:\users\student.hal\documents\github\game-engine-project-cpp\debug\spaceship.obj
c:\users\student.hal\documents\github\game-engine-project-cpp\debug\soundsystem.obj
c:\users\student.hal\documents\github\game-engine-project-cpp\debug\shapes.obj
c:\users\student.hal\documents\github\game-engine-project-cpp\debug\rock.obj
c:\users\student.hal\documents\github\game-engine-project-cpp\debug\powerup.obj
c:\users\student.hal\documents\github\game-engine-project-cpp\debug\objectmanager.obj
c:\users\student.hal\documents\github\game-engine-project-cpp\debug\mysoundengine.obj
c:\users\student.hal\documents\github\game-engine-project-cpp\debug\myinputs.obj
c:\users\student.hal\documents\github\game-engine-project-cpp\debug\mydrawengine.obj
c:\users\student.hal\documents\github\game-engine-project-cpp\debug\mousepointer.obj
c:\users\student.hal\documents\github\game-engine-project-cpp\debug\levelmanager.obj
c:\users\student.hal\documents\github\game-engine-project-cpp\debug\gametimer.obj
c:\users\student.hal\documents\github\game-engine-project-cpp\debug\gameobject.obj
c:\users\student.hal\documents\github\game-engine-project-cpp\debug\gamecode.obj
c:\users\student.hal\documents\github\game-engine-project-cpp\debug\explosion.obj
c:\users\student.hal\documents\github\game-engine-project-cpp\debug\errorlogger.obj
c:\users\student.hal\documents\github\game-engine-project-cpp\debug\enemyship.obj
c:\users\student.hal\documents\github\game-engine-project-cpp\debug\camera.obj
c:\users\student.hal\documents\github\game-engine-project-cpp\debug\bullet.obj
c:\users\student.hal\documents\github\game-engine-project-cpp\debug\wincode.obj
c:\users\student.hal\documents\github\game-engine-project-cpp\debug\missile.obj
c:\users\student.hal\documents\github\game-engine-project-cpp\debug\week3.exe
c:\users\student.hal\documents\github\game-engine-project-cpp\debug\week3.ilk
c:\users\student.hal\documents\github\game-engine-project-cpp\debug\week3.pdb
c:\users\student.hal\documents\github\game-engine-project-cpp\debug\week3.tlog\cl.command.1.tlog
c:\users\student.hal\documents\github\game-engine-project-cpp\debug\week3.tlog\cl.read.1.tlog
c:\users\student.hal\documents\github\game-engine-project-cpp\debug\week3.tlog\cl.write.1.tlog
c:\users\student.hal\documents\github\game-engine-project-cpp\debug\week3.tlog\link.command.1.tlog
c:\users\student.hal\documents\github\game-engine-project-cpp\debug\week3.tlog\link.read.1.tlog
c:\users\student.hal\documents\github\game-engine-project-cpp\debug\week3.tlog\link.write.1.tlog
